{"contracts/DPhotoMarketCategory.sol":{"l":{"36":17,"37":17,"38":17,"39":17,"43":14,"44":11,"49":6,"50":6,"51":6,"53":6,"54":6,"56":6,"58":6,"63":2,"64":1,"66":1,"71":2,"78":1},"path":"/home/elando-dev/blockchain/projects/d-photo-market/contracts/DPhotoMarketCategory.sol","s":{"1":17,"2":17,"3":17,"4":17,"5":14,"6":6,"7":6,"8":6,"9":6,"10":2,"11":1,"12":1,"13":2,"14":1},"b":{"1":[11,3],"2":[6,0],"3":[6,0],"4":[1,1]},"f":{"1":17,"2":14,"3":6,"4":2,"5":2,"6":1},"fnMap":{"1":{"name":null,"line":35,"loc":{"start":{"line":35,"column":4},"end":{"line":35,"column":56}}},"2":{"name":"onlyOwner","line":42,"loc":{"start":{"line":42,"column":4},"end":{"line":42,"column":22}}},"3":{"name":"addPhoto","line":47,"loc":{"start":{"line":47,"column":4},"end":{"line":48,"column":38}}},"4":{"name":"addComment","line":61,"loc":{"start":{"line":61,"column":4},"end":{"line":62,"column":23}}},"5":{"name":"getComments","line":69,"loc":{"start":{"line":69,"column":4},"end":{"line":70,"column":60}}},"6":{"name":"getAllPhotos","line":76,"loc":{"start":{"line":76,"column":4},"end":{"line":77,"column":66}}}},"statementMap":{"1":{"start":{"line":36,"column":8},"end":{"line":36,"column":25}},"2":{"start":{"line":37,"column":8},"end":{"line":37,"column":23}},"3":{"start":{"line":38,"column":8},"end":{"line":38,"column":33}},"4":{"start":{"line":39,"column":8},"end":{"line":39,"column":18}},"5":{"start":{"line":43,"column":8},"end":{"line":43,"column":59}},"6":{"start":{"line":53,"column":8},"end":{"line":53,"column":83}},"7":{"start":{"line":54,"column":8},"end":{"line":54,"column":81}},"8":{"start":{"line":56,"column":8},"end":{"line":56,"column":68}},"9":{"start":{"line":58,"column":8},"end":{"line":58,"column":47}},"10":{"start":{"line":63,"column":8},"end":{"line":63,"column":60}},"11":{"start":{"line":64,"column":8},"end":{"line":64,"column":92}},"12":{"start":{"line":66,"column":8},"end":{"line":66,"column":58}},"13":{"start":{"line":71,"column":8},"end":{"line":71,"column":2259}},"14":{"start":{"line":78,"column":8},"end":{"line":78,"column":2558}}},"branchMap":{"1":{"line":43,"type":"if","locations":[{"start":{"line":43,"column":8},"end":{"line":43,"column":8}},{"start":{"line":43,"column":8},"end":{"line":43,"column":8}}]},"2":{"line":53,"type":"if","locations":[{"start":{"line":53,"column":8},"end":{"line":53,"column":8}},{"start":{"line":53,"column":8},"end":{"line":53,"column":8}}]},"3":{"line":54,"type":"if","locations":[{"start":{"line":54,"column":8},"end":{"line":54,"column":8}},{"start":{"line":54,"column":8},"end":{"line":54,"column":8}}]},"4":{"line":63,"type":"if","locations":[{"start":{"line":63,"column":8},"end":{"line":63,"column":8}},{"start":{"line":63,"column":8},"end":{"line":63,"column":8}}]}}},"contracts/IPFSStorage.sol":{"l":{},"path":"/home/elando-dev/blockchain/projects/d-photo-market/contracts/IPFSStorage.sol","s":{},"b":{},"f":{},"fnMap":{},"statementMap":{},"branchMap":{}}}