{"contracts/DPhotoAlbum.sol":{"l":{"13":9,"17":10,"18":9,"22":9,"23":8,"27":17,"28":15,"34":8,"35":8,"41":10,"42":10,"48":1,"52":2,"58":1,"64":1,"70":2,"73":2,"74":2,"75":2,"77":2,"78":2,"79":2,"81":2,"82":5,"84":5,"85":5,"86":5,"89":2},"path":"/home/elando-dev/blockchain/projects/d-photo-market/contracts/contracts/DPhotoAlbum.sol","s":{"1":9,"2":10,"3":9,"4":17,"5":8,"6":10,"7":2,"8":1,"9":1,"10":2,"11":2,"12":2,"13":2,"14":2,"15":5,"16":5,"17":5,"18":5,"19":2},"b":{"1":[9,1],"2":[8,1],"3":[15,2]},"f":{"1":9,"2":10,"3":9,"4":17,"5":8,"6":10,"7":1,"8":2,"9":1,"10":1,"11":2},"fnMap":{"1":{"name":null,"line":12,"loc":{"start":{"line":12,"column":4},"end":{"line":12,"column":22}}},"2":{"name":"onlyOwner","line":16,"loc":{"start":{"line":16,"column":4},"end":{"line":16,"column":22}}},"3":{"name":"onlyCurrentAlbum","line":21,"loc":{"start":{"line":21,"column":4},"end":{"line":21,"column":58}}},"4":{"name":"isCategoryExists","line":26,"loc":{"start":{"line":26,"column":4},"end":{"line":26,"column":46}}},"5":{"name":"addCategory","line":31,"loc":{"start":{"line":31,"column":4},"end":{"line":32,"column":53}}},"6":{"name":"addPhoto","line":38,"loc":{"start":{"line":38,"column":4},"end":{"line":39,"column":46}}},"7":{"name":"addPhotoComments","line":45,"loc":{"start":{"line":45,"column":4},"end":{"line":46,"column":46}}},"8":{"name":"getCategories","line":51,"loc":{"start":{"line":51,"column":4},"end":{"line":51,"column":56}}},"9":{"name":"getPhotoComments","line":55,"loc":{"start":{"line":55,"column":4},"end":{"line":56,"column":82}}},"10":{"name":"getAllPhotosFromCategory","line":61,"loc":{"start":{"line":61,"column":4},"end":{"line":62,"column":99}}},"11":{"name":"getAllPhotosForPhotographerByCategory","line":67,"loc":{"start":{"line":67,"column":4},"end":{"line":68,"column":88}}}},"statementMap":{"1":{"start":{"line":13,"column":8},"end":{"line":13,"column":25}},"2":{"start":{"line":17,"column":8},"end":{"line":17,"column":35}},"3":{"start":{"line":22,"column":8},"end":{"line":22,"column":50}},"4":{"start":{"line":27,"column":8},"end":{"line":27,"column":57}},"5":{"start":{"line":34,"column":5},"end":{"line":34,"column":51}},"6":{"start":{"line":41,"column":8},"end":{"line":41,"column":92}},"7":{"start":{"line":52,"column":8},"end":{"line":52,"column":35}},"8":{"start":{"line":58,"column":8},"end":{"line":58,"column":66}},"9":{"start":{"line":64,"column":8},"end":{"line":64,"column":54}},"10":{"start":{"line":70,"column":8},"end":{"line":70,"column":85}},"11":{"start":{"line":73,"column":8},"end":{"line":73,"column":104}},"12":{"start":{"line":74,"column":8},"end":{"line":74,"column":107}},"13":{"start":{"line":75,"column":8},"end":{"line":75,"column":98}},"14":{"start":{"line":81,"column":8},"end":{"line":81,"column":2902}},"15":{"start":{"line":82,"column":12},"end":{"line":82,"column":118}},"16":{"start":{"line":84,"column":12},"end":{"line":84,"column":37}},"17":{"start":{"line":85,"column":12},"end":{"line":85,"column":50}},"18":{"start":{"line":86,"column":12},"end":{"line":86,"column":32}},"19":{"start":{"line":89,"column":8},"end":{"line":89,"column":47}}},"branchMap":{"1":{"line":17,"type":"if","locations":[{"start":{"line":17,"column":8},"end":{"line":17,"column":8}},{"start":{"line":17,"column":8},"end":{"line":17,"column":8}}]},"2":{"line":22,"type":"if","locations":[{"start":{"line":22,"column":8},"end":{"line":22,"column":8}},{"start":{"line":22,"column":8},"end":{"line":22,"column":8}}]},"3":{"line":27,"type":"if","locations":[{"start":{"line":27,"column":8},"end":{"line":27,"column":8}},{"start":{"line":27,"column":8},"end":{"line":27,"column":8}}]}}},"contracts/DPhotoAlbumCategory.sol":{"l":{"36":32,"37":32,"38":32,"39":32,"43":41,"44":38,"49":22,"50":22,"51":22,"52":22,"54":22,"55":22,"57":22,"59":22,"64":4,"65":3,"67":3,"72":3,"79":2,"88":7,"90":6},"path":"/home/elando-dev/blockchain/projects/d-photo-market/contracts/contracts/DPhotoAlbumCategory.sol","s":{"1":32,"2":32,"3":32,"4":32,"5":41,"6":22,"7":22,"8":22,"9":22,"10":4,"11":3,"12":3,"13":3,"14":2,"15":7,"16":6},"b":{"1":[38,3],"2":[22,0],"3":[22,0],"4":[3,1],"5":[6,1]},"f":{"1":32,"2":41,"3":22,"4":4,"5":3,"6":2,"7":7},"fnMap":{"1":{"name":null,"line":35,"loc":{"start":{"line":35,"column":4},"end":{"line":35,"column":55}}},"2":{"name":"onlyOwner","line":42,"loc":{"start":{"line":42,"column":4},"end":{"line":42,"column":22}}},"3":{"name":"addPhoto","line":47,"loc":{"start":{"line":47,"column":4},"end":{"line":48,"column":38}}},"4":{"name":"addComment","line":62,"loc":{"start":{"line":62,"column":4},"end":{"line":63,"column":23}}},"5":{"name":"getComments","line":70,"loc":{"start":{"line":70,"column":4},"end":{"line":71,"column":60}}},"6":{"name":"getAllPhotos","line":77,"loc":{"start":{"line":77,"column":4},"end":{"line":78,"column":77}}},"7":{"name":"getPhotoByIndex","line":85,"loc":{"start":{"line":85,"column":4},"end":{"line":86,"column":69}}}},"statementMap":{"1":{"start":{"line":36,"column":8},"end":{"line":36,"column":25}},"2":{"start":{"line":37,"column":8},"end":{"line":37,"column":21}},"3":{"start":{"line":38,"column":8},"end":{"line":38,"column":33}},"4":{"start":{"line":39,"column":8},"end":{"line":39,"column":18}},"5":{"start":{"line":43,"column":8},"end":{"line":43,"column":58}},"6":{"start":{"line":54,"column":8},"end":{"line":54,"column":83}},"7":{"start":{"line":55,"column":8},"end":{"line":55,"column":81}},"8":{"start":{"line":57,"column":8},"end":{"line":57,"column":68}},"9":{"start":{"line":59,"column":8},"end":{"line":59,"column":47}},"10":{"start":{"line":64,"column":8},"end":{"line":64,"column":60}},"11":{"start":{"line":65,"column":8},"end":{"line":65,"column":92}},"12":{"start":{"line":67,"column":8},"end":{"line":67,"column":58}},"13":{"start":{"line":72,"column":8},"end":{"line":72,"column":2277}},"14":{"start":{"line":79,"column":8},"end":{"line":79,"column":2586}},"15":{"start":{"line":88,"column":8},"end":{"line":88,"column":63}},"16":{"start":{"line":90,"column":8},"end":{"line":90,"column":3009}}},"branchMap":{"1":{"line":43,"type":"if","locations":[{"start":{"line":43,"column":8},"end":{"line":43,"column":8}},{"start":{"line":43,"column":8},"end":{"line":43,"column":8}}]},"2":{"line":54,"type":"if","locations":[{"start":{"line":54,"column":8},"end":{"line":54,"column":8}},{"start":{"line":54,"column":8},"end":{"line":54,"column":8}}]},"3":{"line":55,"type":"if","locations":[{"start":{"line":55,"column":8},"end":{"line":55,"column":8}},{"start":{"line":55,"column":8},"end":{"line":55,"column":8}}]},"4":{"line":64,"type":"if","locations":[{"start":{"line":64,"column":8},"end":{"line":64,"column":8}},{"start":{"line":64,"column":8},"end":{"line":64,"column":8}}]},"5":{"line":88,"type":"if","locations":[{"start":{"line":88,"column":8},"end":{"line":88,"column":8}},{"start":{"line":88,"column":8},"end":{"line":88,"column":8}}]}}},"contracts/IPFSStorage.sol":{"l":{},"path":"/home/elando-dev/blockchain/projects/d-photo-market/contracts/contracts/IPFSStorage.sol","s":{},"b":{},"f":{},"fnMap":{},"statementMap":{},"branchMap":{}}}