TN:
SF:/home/elando-dev/blockchain/projects/d-photo-market/contracts/DPhotoAlbum.sol
FN:12,
FN:16,onlyOwner
FN:21,onlyCurrentAlbum
FN:26,isCategoryExists
FN:31,addCategory
FN:38,addPhoto
FN:45,addPhotoComments
FN:51,getCategories
FN:55,getPhotoComments
FN:61,getAllPhotosFromCategory
FN:67,getAllPhotosForPhotographerByCategory
FNF:11
FNH:11
FNDA:9,
FNDA:10,onlyOwner
FNDA:9,onlyCurrentAlbum
FNDA:17,isCategoryExists
FNDA:8,addCategory
FNDA:10,addPhoto
FNDA:1,addPhotoComments
FNDA:2,getCategories
FNDA:1,getPhotoComments
FNDA:1,getAllPhotosFromCategory
FNDA:2,getAllPhotosForPhotographerByCategory
DA:13,9
DA:17,10
DA:18,9
DA:22,9
DA:23,8
DA:27,17
DA:28,15
DA:34,8
DA:35,8
DA:41,10
DA:42,10
DA:48,1
DA:52,2
DA:58,1
DA:64,1
DA:70,2
DA:73,2
DA:74,2
DA:75,2
DA:77,2
DA:78,2
DA:79,2
DA:81,2
DA:82,5
DA:84,5
DA:85,5
DA:86,5
DA:89,2
LF:28
LH:28
BRDA:17,1,0,9
BRDA:17,1,1,1
BRDA:22,2,0,8
BRDA:22,2,1,1
BRDA:27,3,0,15
BRDA:27,3,1,2
BRF:6
BRH:6
end_of_record
TN:
SF:/home/elando-dev/blockchain/projects/d-photo-market/contracts/DPhotoAlbumCategory.sol
FN:35,
FN:42,onlyOwner
FN:47,addPhoto
FN:62,addComment
FN:70,getComments
FN:77,getAllPhotos
FN:85,getPhotoByIndex
FNF:7
FNH:7
FNDA:32,
FNDA:41,onlyOwner
FNDA:22,addPhoto
FNDA:4,addComment
FNDA:3,getComments
FNDA:2,getAllPhotos
FNDA:7,getPhotoByIndex
DA:36,32
DA:37,32
DA:38,32
DA:39,32
DA:43,41
DA:44,38
DA:49,22
DA:50,22
DA:51,22
DA:52,22
DA:54,22
DA:55,22
DA:57,22
DA:59,22
DA:64,4
DA:65,3
DA:67,3
DA:72,3
DA:79,2
DA:88,7
DA:90,6
LF:21
LH:21
BRDA:43,1,0,38
BRDA:43,1,1,3
BRDA:54,2,0,22
BRDA:54,2,1,0
BRDA:55,3,0,22
BRDA:55,3,1,0
BRDA:64,4,0,3
BRDA:64,4,1,1
BRDA:88,5,0,6
BRDA:88,5,1,1
BRF:10
BRH:8
end_of_record
TN:
SF:/home/elando-dev/blockchain/projects/d-photo-market/contracts/IPFSStorage.sol
FNF:0
FNH:0
LF:0
LH:0
BRF:0
BRH:0
end_of_record
